app/build/intermediates/manifest_merge_blame_file/debug/manifest-merger-blame-debug-report.txt
1<?xml version="1.0" encoding="utf-8"?>
2<manifest xmlns:android="http://schemas.android.com/apk/res/android"
3    package="com.example.imageclassification"
4    android:versionCode="1"
5    android:versionName="1.0" >
6
7    <uses-sdk
8        android:minSdkVersion="19"
8-->src\main\AndroidManifest.xml
9        android:targetSdkVersion="32" />
9-->src\main\AndroidManifest.xml
10
11    <uses-permission android:name="android.permission.WRITE_EXTERNAL_STORAGE" />
11-->src\main\AndroidManifest.xml:4:1-76
11-->src\main\AndroidManifest.xml:4:18-74
12    <uses-permission android:name="android.permission.CAMERA" />
12-->src\main\AndroidManifest.xml:5:5-64
12-->src\main\AndroidManifest.xml:5:22-62
13
14    <!-- For downloading -->
15    <uses-permission android:name="android.permission.ACCESS_NETWORK_STATE" />
15-->[com.google.mlkit:digital-ink-recognition:18.1.0] AndroidManifest.xml:8:5-79
15-->[com.google.mlkit:digital-ink-recognition:18.1.0] AndroidManifest.xml:8:22-76
16    <uses-permission android:name="android.permission.INTERNET" />
16-->[com.google.mlkit:digital-ink-recognition:18.1.0] AndroidManifest.xml:9:5-67
16-->[com.google.mlkit:digital-ink-recognition:18.1.0] AndroidManifest.xml:9:22-64
17    <uses-permission android:name="android.permission.WAKE_LOCK" />
17-->[androidx.work:work-runtime:2.7.0] AndroidManifest.xml:25:5-68
17-->[androidx.work:work-runtime:2.7.0] AndroidManifest.xml:25:22-65
18    <uses-permission android:name="android.permission.RECEIVE_BOOT_COMPLETED" />
18-->[androidx.work:work-runtime:2.7.0] AndroidManifest.xml:27:5-81
18-->[androidx.work:work-runtime:2.7.0] AndroidManifest.xml:27:22-78
19    <uses-permission android:name="android.permission.FOREGROUND_SERVICE" />
19-->[androidx.work:work-runtime:2.7.0] AndroidManifest.xml:28:5-77
19-->[androidx.work:work-runtime:2.7.0] AndroidManifest.xml:28:22-74
20
21    <application
21-->src\main\AndroidManifest.xml:6:5-21:19
22        android:allowBackup="true"
22-->src\main\AndroidManifest.xml:7:9-35
23        android:appComponentFactory="androidx.core.app.CoreComponentFactory"
23-->[androidx.core:core:1.6.0] AndroidManifest.xml:24:18-86
24        android:debuggable="true"
25        android:icon="@mipmap/ic_launcher"
25-->src\main\AndroidManifest.xml:8:9-43
26        android:label="@string/app_name"
26-->src\main\AndroidManifest.xml:9:9-41
27        android:roundIcon="@mipmap/ic_launcher_round"
27-->src\main\AndroidManifest.xml:10:9-54
28        android:supportsRtl="true"
28-->src\main\AndroidManifest.xml:11:9-35
29        android:testOnly="true"
30        android:theme="@style/Theme.ImageClassification" >
30-->src\main\AndroidManifest.xml:12:9-57
31        <activity
31-->src\main\AndroidManifest.xml:13:9-20:20
32            android:name="com.example.imageclassification.MainActivity"
32-->src\main\AndroidManifest.xml:13:19-47
33            android:exported="true" >
33-->src\main\AndroidManifest.xml:14:13-36
34            <intent-filter>
34-->src\main\AndroidManifest.xml:15:13-19:29
35                <action android:name="android.intent.action.MAIN" />
35-->src\main\AndroidManifest.xml:16:17-69
35-->src\main\AndroidManifest.xml:16:25-66
36
37                <category android:name="android.intent.category.LAUNCHER" />
37-->src\main\AndroidManifest.xml:18:17-77
37-->src\main\AndroidManifest.xml:18:27-74
38            </intent-filter>
39        </activity>
40
41        <service
41-->[com.google.mlkit:digital-ink-recognition:18.1.0] AndroidManifest.xml:12:9-18:19
42            android:name="com.google.mlkit.common.internal.MlKitComponentDiscoveryService"
42-->[com.google.mlkit:digital-ink-recognition:18.1.0] AndroidManifest.xml:13:13-91
43            android:directBootAware="true"
43-->[com.google.mlkit:common:18.6.0] AndroidManifest.xml:17:13-43
44            android:exported="false" >
44-->[com.google.mlkit:digital-ink-recognition:18.1.0] AndroidManifest.xml:14:13-37
45            <meta-data
45-->[com.google.mlkit:digital-ink-recognition:18.1.0] AndroidManifest.xml:15:13-17:85
46                android:name="com.google.firebase.components:com.google.mlkit.vision.digitalink.internal.DigitalInkRecognitionRegistrar"
46-->[com.google.mlkit:digital-ink-recognition:18.1.0] AndroidManifest.xml:16:17-137
47                android:value="com.google.firebase.components.ComponentRegistrar" />
47-->[com.google.mlkit:digital-ink-recognition:18.1.0] AndroidManifest.xml:17:17-82
48            <meta-data
48-->[com.google.mlkit:common:18.6.0] AndroidManifest.xml:20:13-22:85
49                android:name="com.google.firebase.components:com.google.mlkit.common.internal.CommonComponentRegistrar"
49-->[com.google.mlkit:common:18.6.0] AndroidManifest.xml:21:17-120
50                android:value="com.google.firebase.components.ComponentRegistrar" />
50-->[com.google.mlkit:common:18.6.0] AndroidManifest.xml:22:17-82
51        </service>
52
53        <provider
53-->[com.google.mlkit:common:18.6.0] AndroidManifest.xml:9:9-13:38
54            android:name="com.google.mlkit.common.internal.MlKitInitProvider"
54-->[com.google.mlkit:common:18.6.0] AndroidManifest.xml:10:13-78
55            android:authorities="com.example.imageclassification.mlkitinitprovider"
55-->[com.google.mlkit:common:18.6.0] AndroidManifest.xml:11:13-69
56            android:exported="false"
56-->[com.google.mlkit:common:18.6.0] AndroidManifest.xml:12:13-37
57            android:initOrder="99" />
57-->[com.google.mlkit:common:18.6.0] AndroidManifest.xml:13:13-35
58
59        <activity
59-->[com.google.android.gms:play-services-base:18.1.0] AndroidManifest.xml:20:9-22:45
60            android:name="com.google.android.gms.common.api.GoogleApiActivity"
60-->[com.google.android.gms:play-services-base:18.1.0] AndroidManifest.xml:20:19-85
61            android:exported="false"
61-->[com.google.android.gms:play-services-base:18.1.0] AndroidManifest.xml:22:19-43
62            android:theme="@android:style/Theme.Translucent.NoTitleBar" />
62-->[com.google.android.gms:play-services-base:18.1.0] AndroidManifest.xml:21:19-78
63
64        <meta-data
64-->[com.google.android.gms:play-services-basement:18.1.0] AndroidManifest.xml:21:9-23:69
65            android:name="com.google.android.gms.version"
65-->[com.google.android.gms:play-services-basement:18.1.0] AndroidManifest.xml:22:13-58
66            android:value="@integer/google_play_services_version" />
66-->[com.google.android.gms:play-services-basement:18.1.0] AndroidManifest.xml:23:13-66
67
68        <service
68-->[com.google.android.datatransport:transport-backend-cct:2.3.3] AndroidManifest.xml:29:9-35:19
69            android:name="com.google.android.datatransport.runtime.backends.TransportBackendDiscovery"
69-->[com.google.android.datatransport:transport-backend-cct:2.3.3] AndroidManifest.xml:30:13-103
70            android:exported="false" >
70-->[com.google.android.datatransport:transport-backend-cct:2.3.3] AndroidManifest.xml:31:13-37
71            <meta-data
71-->[com.google.android.datatransport:transport-backend-cct:2.3.3] AndroidManifest.xml:32:13-34:39
72                android:name="backend:com.google.android.datatransport.cct.CctBackendFactory"
72-->[com.google.android.datatransport:transport-backend-cct:2.3.3] AndroidManifest.xml:33:17-94
73                android:value="cct" />
73-->[com.google.android.datatransport:transport-backend-cct:2.3.3] AndroidManifest.xml:34:17-36
74        </service>
75        <service
75-->[com.google.android.datatransport:transport-runtime:2.2.6] AndroidManifest.xml:26:9-30:19
76            android:name="com.google.android.datatransport.runtime.scheduling.jobscheduling.JobInfoSchedulerService"
76-->[com.google.android.datatransport:transport-runtime:2.2.6] AndroidManifest.xml:27:13-117
77            android:exported="false"
77-->[com.google.android.datatransport:transport-runtime:2.2.6] AndroidManifest.xml:28:13-37
78            android:permission="android.permission.BIND_JOB_SERVICE" >
78-->[com.google.android.datatransport:transport-runtime:2.2.6] AndroidManifest.xml:29:13-69
79        </service>
80
81        <receiver
81-->[com.google.android.datatransport:transport-runtime:2.2.6] AndroidManifest.xml:32:9-34:40
82            android:name="com.google.android.datatransport.runtime.scheduling.jobscheduling.AlarmManagerSchedulerBroadcastReceiver"
82-->[com.google.android.datatransport:transport-runtime:2.2.6] AndroidManifest.xml:33:13-132
83            android:exported="false" />
83-->[com.google.android.datatransport:transport-runtime:2.2.6] AndroidManifest.xml:34:13-37
84
85        <provider
85-->[androidx.work:work-runtime:2.7.0] AndroidManifest.xml:31:9-39:20
86            android:name="androidx.startup.InitializationProvider"
86-->[androidx.work:work-runtime:2.7.0] AndroidManifest.xml:32:13-67
87            android:authorities="com.example.imageclassification.androidx-startup"
87-->[androidx.work:work-runtime:2.7.0] AndroidManifest.xml:33:13-68
88            android:exported="false" >
88-->[androidx.work:work-runtime:2.7.0] AndroidManifest.xml:34:13-37
89            <meta-data
89-->[androidx.work:work-runtime:2.7.0] AndroidManifest.xml:36:13-38:52
90                android:name="androidx.work.WorkManagerInitializer"
90-->[androidx.work:work-runtime:2.7.0] AndroidManifest.xml:37:17-68
91                android:value="androidx.startup" />
91-->[androidx.work:work-runtime:2.7.0] AndroidManifest.xml:38:17-49
92        </provider>
93
94        <service
94-->[androidx.work:work-runtime:2.7.0] AndroidManifest.xml:41:9-46:35
95            android:name="androidx.work.impl.background.systemalarm.SystemAlarmService"
95-->[androidx.work:work-runtime:2.7.0] AndroidManifest.xml:42:13-88
96            android:directBootAware="false"
96-->[androidx.work:work-runtime:2.7.0] AndroidManifest.xml:43:13-44
97            android:enabled="@bool/enable_system_alarm_service_default"
97-->[androidx.work:work-runtime:2.7.0] AndroidManifest.xml:44:13-72
98            android:exported="false" />
98-->[androidx.work:work-runtime:2.7.0] AndroidManifest.xml:45:13-37
99        <service
99-->[androidx.work:work-runtime:2.7.0] AndroidManifest.xml:47:9-53:35
100            android:name="androidx.work.impl.background.systemjob.SystemJobService"
100-->[androidx.work:work-runtime:2.7.0] AndroidManifest.xml:48:13-84
101            android:directBootAware="false"
101-->[androidx.work:work-runtime:2.7.0] AndroidManifest.xml:49:13-44
102            android:enabled="@bool/enable_system_job_service_default"
102-->[androidx.work:work-runtime:2.7.0] AndroidManifest.xml:50:13-70
103            android:exported="true"
103-->[androidx.work:work-runtime:2.7.0] AndroidManifest.xml:51:13-36
104            android:permission="android.permission.BIND_JOB_SERVICE" />
104-->[androidx.work:work-runtime:2.7.0] AndroidManifest.xml:52:13-69
105        <service
105-->[androidx.work:work-runtime:2.7.0] AndroidManifest.xml:54:9-59:35
106            android:name="androidx.work.impl.foreground.SystemForegroundService"
106-->[androidx.work:work-runtime:2.7.0] AndroidManifest.xml:55:13-81
107            android:directBootAware="false"
107-->[androidx.work:work-runtime:2.7.0] AndroidManifest.xml:56:13-44
108            android:enabled="@bool/enable_system_foreground_service_default"
108-->[androidx.work:work-runtime:2.7.0] AndroidManifest.xml:57:13-77
109            android:exported="false" />
109-->[androidx.work:work-runtime:2.7.0] AndroidManifest.xml:58:13-37
110
111        <receiver
111-->[androidx.work:work-runtime:2.7.0] AndroidManifest.xml:61:9-66:35
112            android:name="androidx.work.impl.utils.ForceStopRunnable$BroadcastReceiver"
112-->[androidx.work:work-runtime:2.7.0] AndroidManifest.xml:62:13-88
113            android:directBootAware="false"
113-->[androidx.work:work-runtime:2.7.0] AndroidManifest.xml:63:13-44
114            android:enabled="true"
114-->[androidx.work:work-runtime:2.7.0] AndroidManifest.xml:64:13-35
115            android:exported="false" />
115-->[androidx.work:work-runtime:2.7.0] AndroidManifest.xml:65:13-37
116        <receiver
116-->[androidx.work:work-runtime:2.7.0] AndroidManifest.xml:67:9-77:20
117            android:name="androidx.work.impl.background.systemalarm.ConstraintProxy$BatteryChargingProxy"
117-->[androidx.work:work-runtime:2.7.0] AndroidManifest.xml:68:13-106
118            android:directBootAware="false"
118-->[androidx.work:work-runtime:2.7.0] AndroidManifest.xml:69:13-44
119            android:enabled="false"
119-->[androidx.work:work-runtime:2.7.0] AndroidManifest.xml:70:13-36
120            android:exported="false" >
120-->[androidx.work:work-runtime:2.7.0] AndroidManifest.xml:71:13-37
121            <intent-filter>
121-->[androidx.work:work-runtime:2.7.0] AndroidManifest.xml:73:13-76:29
122                <action android:name="android.intent.action.ACTION_POWER_CONNECTED" />
122-->[androidx.work:work-runtime:2.7.0] AndroidManifest.xml:74:17-87
122-->[androidx.work:work-runtime:2.7.0] AndroidManifest.xml:74:25-84
123                <action android:name="android.intent.action.ACTION_POWER_DISCONNECTED" />
123-->[androidx.work:work-runtime:2.7.0] AndroidManifest.xml:75:17-90
123-->[androidx.work:work-runtime:2.7.0] AndroidManifest.xml:75:25-87
124            </intent-filter>
125        </receiver>
126        <receiver
126-->[androidx.work:work-runtime:2.7.0] AndroidManifest.xml:78:9-88:20
127            android:name="androidx.work.impl.background.systemalarm.ConstraintProxy$BatteryNotLowProxy"
127-->[androidx.work:work-runtime:2.7.0] AndroidManifest.xml:79:13-104
128            android:directBootAware="false"
128-->[androidx.work:work-runtime:2.7.0] AndroidManifest.xml:80:13-44
129            android:enabled="false"
129-->[androidx.work:work-runtime:2.7.0] AndroidManifest.xml:81:13-36
130            android:exported="false" >
130-->[androidx.work:work-runtime:2.7.0] AndroidManifest.xml:82:13-37
131            <intent-filter>
131-->[androidx.work:work-runtime:2.7.0] AndroidManifest.xml:84:13-87:29
132                <action android:name="android.intent.action.BATTERY_OKAY" />
132-->[androidx.work:work-runtime:2.7.0] AndroidManifest.xml:85:17-77
132-->[androidx.work:work-runtime:2.7.0] AndroidManifest.xml:85:25-74
133                <action android:name="android.intent.action.BATTERY_LOW" />
133-->[androidx.work:work-runtime:2.7.0] AndroidManifest.xml:86:17-76
133-->[androidx.work:work-runtime:2.7.0] AndroidManifest.xml:86:25-73
134            </intent-filter>
135        </receiver>
136        <receiver
136-->[androidx.work:work-runtime:2.7.0] AndroidManifest.xml:89:9-99:20
137            android:name="androidx.work.impl.background.systemalarm.ConstraintProxy$StorageNotLowProxy"
137-->[androidx.work:work-runtime:2.7.0] AndroidManifest.xml:90:13-104
138            android:directBootAware="false"
138-->[androidx.work:work-runtime:2.7.0] AndroidManifest.xml:91:13-44
139            android:enabled="false"
139-->[androidx.work:work-runtime:2.7.0] AndroidManifest.xml:92:13-36
140            android:exported="false" >
140-->[androidx.work:work-runtime:2.7.0] AndroidManifest.xml:93:13-37
141            <intent-filter>
141-->[androidx.work:work-runtime:2.7.0] AndroidManifest.xml:95:13-98:29
142                <action android:name="android.intent.action.DEVICE_STORAGE_LOW" />
142-->[androidx.work:work-runtime:2.7.0] AndroidManifest.xml:96:17-83
142-->[androidx.work:work-runtime:2.7.0] AndroidManifest.xml:96:25-80
143                <action android:name="android.intent.action.DEVICE_STORAGE_OK" />
143-->[androidx.work:work-runtime:2.7.0] AndroidManifest.xml:97:17-82
143-->[androidx.work:work-runtime:2.7.0] AndroidManifest.xml:97:25-79
144            </intent-filter>
145        </receiver>
146        <receiver
146-->[androidx.work:work-runtime:2.7.0] AndroidManifest.xml:100:9-109:20
147            android:name="androidx.work.impl.background.systemalarm.ConstraintProxy$NetworkStateProxy"
147-->[androidx.work:work-runtime:2.7.0] AndroidManifest.xml:101:13-103
148            android:directBootAware="false"
148-->[androidx.work:work-runtime:2.7.0] AndroidManifest.xml:102:13-44
149            android:enabled="false"
149-->[androidx.work:work-runtime:2.7.0] AndroidManifest.xml:103:13-36
150            android:exported="false" >
150-->[androidx.work:work-runtime:2.7.0] AndroidManifest.xml:104:13-37
151            <intent-filter>
151-->[androidx.work:work-runtime:2.7.0] AndroidManifest.xml:106:13-108:29
152                <action android:name="android.net.conn.CONNECTIVITY_CHANGE" />
152-->[androidx.work:work-runtime:2.7.0] AndroidManifest.xml:107:17-79
152-->[androidx.work:work-runtime:2.7.0] AndroidManifest.xml:107:25-76
153            </intent-filter>
154        </receiver>
155        <receiver
155-->[androidx.work:work-runtime:2.7.0] AndroidManifest.xml:110:9-121:20
156            android:name="androidx.work.impl.background.systemalarm.RescheduleReceiver"
156-->[androidx.work:work-runtime:2.7.0] AndroidManifest.xml:111:13-88
157            android:directBootAware="false"
157-->[androidx.work:work-runtime:2.7.0] AndroidManifest.xml:112:13-44
158            android:enabled="false"
158-->[androidx.work:work-runtime:2.7.0] AndroidManifest.xml:113:13-36
159            android:exported="false" >
159-->[androidx.work:work-runtime:2.7.0] AndroidManifest.xml:114:13-37
160            <intent-filter>
160-->[androidx.work:work-runtime:2.7.0] AndroidManifest.xml:116:13-120:29
161                <action android:name="android.intent.action.BOOT_COMPLETED" />
161-->[androidx.work:work-runtime:2.7.0] AndroidManifest.xml:117:17-79
161-->[androidx.work:work-runtime:2.7.0] AndroidManifest.xml:117:25-76
162                <action android:name="android.intent.action.TIME_SET" />
162-->[androidx.work:work-runtime:2.7.0] AndroidManifest.xml:118:17-73
162-->[androidx.work:work-runtime:2.7.0] AndroidManifest.xml:118:25-70
163                <action android:name="android.intent.action.TIMEZONE_CHANGED" />
163-->[androidx.work:work-runtime:2.7.0] AndroidManifest.xml:119:17-81
163-->[androidx.work:work-runtime:2.7.0] AndroidManifest.xml:119:25-78
164            </intent-filter>
165        </receiver>
166        <receiver
166-->[androidx.work:work-runtime:2.7.0] AndroidManifest.xml:122:9-131:20
167            android:name="androidx.work.impl.background.systemalarm.ConstraintProxyUpdateReceiver"
167-->[androidx.work:work-runtime:2.7.0] AndroidManifest.xml:123:13-99
168            android:directBootAware="false"
168-->[androidx.work:work-runtime:2.7.0] AndroidManifest.xml:124:13-44
169            android:enabled="@bool/enable_system_alarm_service_default"
169-->[androidx.work:work-runtime:2.7.0] AndroidManifest.xml:125:13-72
170            android:exported="false" >
170-->[androidx.work:work-runtime:2.7.0] AndroidManifest.xml:126:13-37
171            <intent-filter>
171-->[androidx.work:work-runtime:2.7.0] AndroidManifest.xml:128:13-130:29
172                <action android:name="androidx.work.impl.background.systemalarm.UpdateProxies" />
172-->[androidx.work:work-runtime:2.7.0] AndroidManifest.xml:129:17-98
172-->[androidx.work:work-runtime:2.7.0] AndroidManifest.xml:129:25-95
173            </intent-filter>
174        </receiver>
175        <receiver
175-->[androidx.work:work-runtime:2.7.0] AndroidManifest.xml:132:9-142:20
176            android:name="androidx.work.impl.diagnostics.DiagnosticsReceiver"
176-->[androidx.work:work-runtime:2.7.0] AndroidManifest.xml:133:13-78
177            android:directBootAware="false"
177-->[androidx.work:work-runtime:2.7.0] AndroidManifest.xml:134:13-44
178            android:enabled="true"
178-->[androidx.work:work-runtime:2.7.0] AndroidManifest.xml:135:13-35
179            android:exported="true"
179-->[androidx.work:work-runtime:2.7.0] AndroidManifest.xml:136:13-36
180            android:permission="android.permission.DUMP" >
180-->[androidx.work:work-runtime:2.7.0] AndroidManifest.xml:137:13-57
181            <intent-filter>
181-->[androidx.work:work-runtime:2.7.0] AndroidManifest.xml:139:13-141:29
182                <action android:name="androidx.work.diagnostics.REQUEST_DIAGNOSTICS" />
182-->[androidx.work:work-runtime:2.7.0] AndroidManifest.xml:140:17-88
182-->[androidx.work:work-runtime:2.7.0] AndroidManifest.xml:140:25-85
183            </intent-filter>
184        </receiver>
185
186        <service
186-->[androidx.room:room-runtime:2.2.5] AndroidManifest.xml:25:9-28:40
187            android:name="androidx.room.MultiInstanceInvalidationService"
187-->[androidx.room:room-runtime:2.2.5] AndroidManifest.xml:26:13-74
188            android:directBootAware="true"
188-->[androidx.room:room-runtime:2.2.5] AndroidManifest.xml:27:13-43
189            android:exported="false" />
189-->[androidx.room:room-runtime:2.2.5] AndroidManifest.xml:28:13-37
190    </application>
191
192</manifest>